<?xml version="1.0" encoding="UTF-8"?>
<!-- Generated by org.testng.reporters.JUnitXMLReporter -->
<testsuite hostname="DIN51003304" ignored="0" name="Google Chrome Test" tests="5" failures="0" timestamp="13 Jun 2018 09:44:37 GMT" time="70.682" errors="0">
  <testcase name="testForBlankInput" time="2.161" classname="com.cg.githublogintest.test.LoginTest"/>
  <testcase name="testForInvalidUsername" time="1.909" classname="com.cg.githublogintest.test.LoginTest"/>
  <testcase name="testForInvalidPassword" time="1.89" classname="com.cg.githublogintest.test.LoginTest"/>
  <testcase name="testForInvalidEmail" time="2.007" classname="com.cg.githublogintest.test.LoginTest"/>
  <testcase name="testForInvalidEmailAndUsername" time="2.235" classname="com.cg.githublogintest.test.LoginTest"/>
</testsuite> <!-- Google Chrome Test -->
